#SASH LOG#
Shell Started @ Tue Jun 24 16:07:13 2014 By: gregorydisney
Whitelist cmd: ls @ Tue Jun 24 16:07:13 2014 By: gregorydisney
Shell Started @ Tue Jun 24 16:14:39 2014 By: gregorydisney
Error: sh: /home: command not found @ Tue Jun 24 16:14:41 2014 By: gregorydisney
blacklist cmd: sudo @ Tue Jun 24 16:14:43 2014 By: gregorydisney
Shell Started @ Tue Jun 24 16:14:29 2014 By: gregorydisney
Shell Started @ Tue Jun 24 16:34:42 2014 By: gregorydisney
Whitelist cmd: ls @ Tue Jun 24 16:34:42 2014 By: gregorydisney
Shell Started @ Tue Jun 24 16:36:59 2014 By: gregorydisney
Shell Started @ Tue Jun 24 16:38:20 2014 By: gregorydisney
Whitelist cmd: ls @ Tue Jun 24 16:38:20 2014 By: gregorydisney
Shell Started @ Tue Jun 24 16:39:37 2014 By: gregorydisney
Whitelist cmd: ls @ Tue Jun 24 16:39:37 2014 By: gregorydisney
Shell Started @ Tue Jun 24 16:40:00 2014 By: gregorydisney
Whitelist cmd: ls @ Tue Jun 24 16:40:00 2014 By: gregorydisney
Shell Started @ Tue Jun 24 16:42:31 2014 By: gregorydisney
Whitelist cmd: ls @ Tue Jun 24 16:42:31 2014 By: gregorydisney
Whitelist cmd: ls @ Tue Jun 24 16:42:33 2014 By: gregorydisney
Whitelist cmd: ls @ Tue Jun 24 16:42:36 2014 By: gregorydisney
Insider Threat Detected:  @ Tue Jun 24 16:42:37 2014 By: gregorydisney
Shell Started @ Tue Jun 24 16:41:28 2014 By: gregorydisney
SSH Shell Started @ Tue Jun 24 16:41:44 2014 By: gregorydisney as root@192.168.219.201
SSH whitelist cmd: ls @ Tue Jun 24 16:41:44 2014 By: gregorydisney as root@192.168.219.201
SSH whitelist cmd: ls @ Tue Jun 24 16:41:47 2014 By: gregorydisney as root@192.168.219.201
SSH whitelist cmd: ls @ Tue Jun 24 16:41:59 2014 By: gregorydisney as root@192.168.219.201
Insider Threat Detected:  @ Tue Jun 24 16:42:29 2014 By: gregorydisneyroot@192.168.219.201
Shell Started @ Tue Jun 24 16:42:38 2014 By: gregorydisney
Whitelist cmd: ls @ Tue Jun 24 16:42:38 2014 By: gregorydisney
Whitelist cmd: ls @ Tue Jun 24 16:42:40 2014 By: gregorydisney
Whitelist cmd: ls @ Tue Jun 24 16:42:41 2014 By: gregorydisney
Insider Threat Detected:  @ Tue Jun 24 16:42:41 2014 By: gregorydisney
Shell Started @ Tue Jun 24 16:41:10 2014 By: gregorydisney
Shell Started @ Tue Jun 24 16:40:55 2014 By: gregorydisney
SSH Shell Started @ Tue Jun 24 16:41:10 2014 By: gregorydisney as root@192.168.219.201
Socket Error:  @ Tue Jun 24 16:41:10 2014 By: gregorydisneyroot@192.168.219.201
Shell Started @ Tue Jun 24 16:44:54 2014 By: gregorydisney
Whitelist cmd: ls @ Tue Jun 24 16:44:54 2014 By: gregorydisney
Whitelist cmd: ls @ Tue Jun 24 16:44:56 2014 By: gregorydisney
Whitelist cmd: ls @ Tue Jun 24 16:44:57 2014 By: gregorydisney
Insider Threat Detected:  @ Tue Jun 24 16:44:59 2014 By: gregorydisney
Shell Started @ Tue Jun 24 16:46:36 2014 By: gregorydisney
Whitelist cmd: ls @ Tue Jun 24 16:46:36 2014 By: gregorydisney
Whitelist cmd: ls @ Tue Jun 24 16:46:37 2014 By: gregorydisney
Whitelist cmd: ls @ Tue Jun 24 16:46:39 2014 By: gregorydisney
Insider Threat Detected:  @ Tue Jun 24 16:46:40 2014 By: gregorydisney
Shell Started @ Tue Jun 24 16:46:52 2014 By: gregorydisney
Whitelist cmd: ls @ Tue Jun 24 16:46:52 2014 By: gregorydisney
Error: sh: risk: command not found @ Tue Jun 24 16:46:54 2014 By: gregorydisney
Whitelist cmd: ls @ Tue Jun 24 16:46:56 2014 By: gregorydisney
Error: sh: risk: command not found @ Tue Jun 24 16:47:04 2014 By: gregorydisney
blacklist cmd: sudo @ Tue Jun 24 16:47:06 2014 By: gregorydisney
Shell Started @ Tue Jun 24 16:48:32 2014 By: gregorydisney
Whitelist cmd: ls @ Tue Jun 24 16:48:32 2014 By: gregorydisney
Whitelist cmd: ls @ Tue Jun 24 16:48:34 2014 By: gregorydisney
Whitelist cmd: ls @ Tue Jun 24 16:48:35 2014 By: gregorydisney
Insider Threat Detected:  @ Tue Jun 24 16:48:36 2014 By: gregorydisney
Shell Started @ Tue Jun 24 16:48:43 2014 By: gregorydisney
Error: sh: ll: command not found @ Tue Jun 24 16:48:43 2014 By: gregorydisney
Whitelist cmd: ls @ Tue Jun 24 16:48:48 2014 By: gregorydisney
Whitelist cmd: ls @ Tue Jun 24 16:48:50 2014 By: gregorydisney
Error: sh: risk: command not found @ Tue Jun 24 16:48:53 2014 By: gregorydisney
blacklist cmd: sudo @ Tue Jun 24 16:48:57 2014 By: gregorydisney
Shell Started @ Tue Jun 24 16:50:24 2014 By: gregorydisney
Error: sh: risk: command not found @ Tue Jun 24 16:50:24 2014 By: gregorydisney
Error: sh: risk: command not found @ Tue Jun 24 16:50:31 2014 By: gregorydisney
Whitelist cmd: ls @ Tue Jun 24 16:50:34 2014 By: gregorydisney
blacklist cmd: bash @ Tue Jun 24 16:50:41 2014 By: gregorydisney
Shell Started @ Tue Jun 24 16:50:48 2014 By: gregorydisney
Shell Started @ Tue Jun 24 16:50:45 2014 By: gregorydisney
Shell Started @ Tue Jun 24 16:51:11 2014 By: gregorydisney
blacklist cmd: bash @ Tue Jun 24 16:51:11 2014 By: gregorydisney
Shell Started @ Tue Jun 24 16:51:17 2014 By: gregorydisney
Error: sh: :sh: command not found @ Tue Jun 24 16:51:17 2014 By: gregorydisney
Error: sh: :sh : command not found @ Tue Jun 24 16:51:18 2014 By: gregorydisney
Shell Started @ Tue Jun 24 16:51:46 2014 By: gregorydisney
Whitelist cmd: ls @ Tue Jun 24 16:51:46 2014 By: gregorydisney
Whitelist cmd: ls @ Tue Jun 24 16:51:48 2014 By: gregorydisney
Whitelist cmd: ls @ Tue Jun 24 16:51:49 2014 By: gregorydisney
Insider Threat Detected:  @ Tue Jun 24 16:51:50 2014 By: gregorydisney
Shell Started @ Tue Jun 24 16:52:11 2014 By: gregorydisney
Error: sh: :sh: command not found @ Tue Jun 24 16:52:11 2014 By: gregorydisney
Shell Started @ Tue Jun 24 16:52:30 2014 By: gregorydisney
Error: sh: ll: command not found @ Tue Jun 24 16:52:36 2014 By: gregorydisney
Error: sh: ll: command not found @ Tue Jun 24 16:52:38 2014 By: gregorydisney
Error: sh: ll: command not found @ Tue Jun 24 16:52:38 2014 By: gregorydisney
blacklist cmd: sudo @ Tue Jun 24 16:52:39 2014 By: gregorydisney
Shell Started @ Tue Jun 24 16:52:21 2014 By: gregorydisney
Error: sh: :sh: command not found @ Tue Jun 24 16:52:21 2014 By: gregorydisney
Shell Started @ Tue Jun 24 16:53:44 2014 By: gregorydisney
Error: sh: ll: command not found @ Tue Jun 24 16:53:44 2014 By: gregorydisney
Error: sh: ll: command not found @ Tue Jun 24 16:53:45 2014 By: gregorydisney
Error: sh: ll: command not found @ Tue Jun 24 16:53:47 2014 By: gregorydisney
Error: sh: ll: command not found @ Tue Jun 24 16:53:48 2014 By: gregorydisney
blacklist cmd: sudo @ Tue Jun 24 16:53:49 2014 By: gregorydisney
Shell Started @ Tue Jun 24 16:54:14 2014 By: gregorydisney
blacklist cmd: sudo @ Tue Jun 24 16:54:14 2014 By: gregorydisney
Shell Started @ Tue Jun 24 16:54:17 2014 By: gregorydisney
Shell Started @ Tue Jun 24 16:55:21 2014 By: gregorydisney
Shell Started @ Tue Jun 24 16:55:38 2014 By: gregorydisney
Shell Started @ Tue Jun 24 16:55:20 2014 By: gregorydisney
Shell Started @ Tue Jun 24 16:55:39 2014 By: gregorydisney
Whitelist cmd: ls @ Tue Jun 24 16:55:39 2014 By: gregorydisney
Whitelist cmd: ls @ Tue Jun 24 16:55:41 2014 By: gregorydisney
Whitelist cmd: ls @ Tue Jun 24 16:55:44 2014 By: gregorydisney
Insider Threat Detected:  @ Tue Jun 24 16:55:45 2014 By: gregorydisney
Shell Started @ Tue Jun 24 16:55:38 2014 By: gregorydisney
Shell Started @ Tue Jun 24 16:55:52 2014 By: gregorydisney
blacklist cmd: sudo @ Tue Jun 24 16:55:52 2014 By: gregorydisney
Shell Started @ Tue Jun 24 16:55:56 2014 By: gregorydisney
Error: sh: se: command not found @ Tue Jun 24 16:55:56 2014 By: gregorydisney
Whitelist cmd: ls @ Tue Jun 24 16:55:58 2014 By: gregorydisney
Error: sh: risk: command not found @ Tue Jun 24 16:56:00 2014 By: gregorydisney
Shell Started @ Tue Jun 24 16:56:37 2014 By: gregorydisney
blacklist cmd: sudo @ Tue Jun 24 16:56:37 2014 By: gregorydisney
Shell Started @ Tue Jun 24 16:56:31 2014 By: gregorydisney
Error: sh: :sh: command not found @ Tue Jun 24 16:56:31 2014 By: gregorydisney
Shell Started @ Tue Jun 24 16:56:51 2014 By: gregorydisney
blacklist cmd: sudo @ Tue Jun 24 16:56:51 2014 By: gregorydisney
Shell Started @ Tue Jun 24 16:56:50 2014 By: gregorydisney
Shell Started @ Tue Jun 24 16:57:00 2014 By: gregorydisney
blacklist cmd: sudo @ Tue Jun 24 16:57:00 2014 By: gregorydisney
Shell Started @ Tue Jun 24 16:56:59 2014 By: gregorydisney
Shell Started @ Tue Jun 24 16:57:02 2014 By: gregorydisney
Shell Started @ Tue Jun 24 17:08:17 2014 By: gregorydisney
Whitelist cmd: ls @ Tue Jun 24 17:08:17 2014 By: gregorydisney
Error: sh: ;s: command not found @ Tue Jun 24 17:08:18 2014 By: gregorydisney
blacklist cmd: ;; @ Tue Jun 24 17:08:21 2014 By: gregorydisney
Shell Started @ Tue Jun 24 17:08:39 2014 By: gregorydisney
blacklist cmd: sudo @ Tue Jun 24 17:08:39 2014 By: gregorydisney
Shell Started @ Tue Jun 24 17:08:26 2014 By: gregorydisney
Error: sh: /;\: command not found @ Tue Jun 24 17:08:26 2014 By: gregorydisney
Error: sh: /:: command not found @ Tue Jun 24 17:08:31 2014 By: gregorydisney
Shell Started @ Tue Jun 24 17:09:39 2014 By: gregorydisney
Whitelist cmd: ls @ Tue Jun 24 17:09:39 2014 By: gregorydisney
Whitelist cmd: ls @ Tue Jun 24 17:09:40 2014 By: gregorydisney
Whitelist cmd: ls @ Tue Jun 24 17:09:41 2014 By: gregorydisney
Whitelist policy invalidating session:  @ Tue Jun 24 17:09:42 2014 By: gregorydisney
Shell Started @ Tue Jun 24 17:09:56 2014 By: gregorydisney
blacklist cmd: sudo @ Tue Jun 24 17:09:56 2014 By: gregorydisney
Shell Started @ Tue Jun 24 17:09:54 2014 By: gregorydisney
Shell Started @ Tue Jun 24 17:10:03 2014 By: gregorydisney
Whitelist cmd: ls @ Tue Jun 24 17:10:03 2014 By: gregorydisney
blacklist cmd: sudo @ Tue Jun 24 17:10:05 2014 By: gregorydisney
Shell Started @ Tue Jun 24 17:10:02 2014 By: gregorydisney
Shell Started @ Tue Jun 24 17:10:32 2014 By: gregorydisney
Whitelist cmd: ls @ Tue Jun 24 17:10:32 2014 By: gregorydisney
Whitelist cmd: ls @ Tue Jun 24 17:10:33 2014 By: gregorydisney
Whitelist cmd: ls @ Tue Jun 24 17:10:34 2014 By: gregorydisney
Whitelist policy invalidating session:  @ Tue Jun 24 17:10:35 2014 By: gregorydisney
Shell Started @ Tue Jun 24 17:10:38 2014 By: gregorydisney
Shell Started @ Tue Jun 24 17:11:05 2014 By: gregorydisney
Whitelist cmd: ls @ Tue Jun 24 17:11:05 2014 By: gregorydisney
Shell Started @ Tue Jun 24 17:11:18 2014 By: gregorydisney
Whitelist cmd: ls @ Tue Jun 24 17:11:18 2014 By: gregorydisney
Shell Started @ Tue Jun 24 17:11:27 2014 By: gregorydisney
Whitelist cmd: ls @ Tue Jun 24 17:11:27 2014 By: gregorydisney
Shell Started @ Tue Jun 24 17:13:09 2014 By: gregorydisney
Whitelist cmd: ls @ Tue Jun 24 17:13:09 2014 By: gregorydisney
Whitelist cmd: ls @ Tue Jun 24 17:13:10 2014 By: gregorydisney
Whitelist cmd: ls @ Tue Jun 24 17:13:11 2014 By: gregorydisney
Whitelist policy invalidating session:  @ Tue Jun 24 17:13:12 2014 By: gregorydisney
Shell Started @ Tue Jun 24 17:13:24 2014 By: gregorydisney
Whitelist cmd: ls @ Tue Jun 24 17:13:24 2014 By: gregorydisney
Whitelist cmd: ls @ Tue Jun 24 17:13:26 2014 By: gregorydisney
Shell Started @ Tue Jun 24 17:14:36 2014 By: gregorydisney
Whitelist cmd: ls @ Tue Jun 24 17:14:36 2014 By: gregorydisney
Whitelist cmd: ls @ Tue Jun 24 17:14:37 2014 By: gregorydisney
Whitelist cmd: ls @ Tue Jun 24 17:14:42 2014 By: gregorydisney
Whitelist policy invalidating session:  @ Tue Jun 24 17:14:46 2014 By: gregorydisney
Shell Started @ Tue Jun 24 17:16:41 2014 By: gregorydisney
Whitelist cmd: ls @ Tue Jun 24 17:16:41 2014 By: gregorydisney
Whitelist cmd: ls @ Tue Jun 24 17:16:42 2014 By: gregorydisney
Shell Started @ Tue Jun 24 17:17:08 2014 By: gregorydisney
Whitelist cmd: ls @ Tue Jun 24 17:17:08 2014 By: gregorydisney
Whitelist cmd: ls @ Tue Jun 24 17:17:09 2014 By: gregorydisney
Whitelist cmd: ls @ Tue Jun 24 17:17:16 2014 By: gregorydisney
Whitelist policy invalidating session:  @ Tue Jun 24 17:17:19 2014 By: gregorydisney
Shell Started @ Tue Jun 24 17:18:08 2014 By: gregorydisney
Whitelist cmd: ls @ Tue Jun 24 17:18:08 2014 By: gregorydisney
Whitelist cmd: ls @ Tue Jun 24 17:18:10 2014 By: gregorydisney
Shell Started @ Tue Jun 24 17:19:07 2014 By: gregorydisney
Whitelist cmd: ls @ Tue Jun 24 17:19:07 2014 By: gregorydisney
Whitelist cmd: ls @ Tue Jun 24 17:19:08 2014 By: gregorydisney
Whitelist cmd: ls @ Tue Jun 24 17:19:13 2014 By: gregorydisney
Whitelist policy invalidating session:  @ Tue Jun 24 17:19:16 2014 By: gregorydisney
Shell Started @ Tue Jun 24 17:19:45 2014 By: gregorydisney
Whitelist cmd: ls @ Tue Jun 24 17:19:45 2014 By: gregorydisney
Whitelist cmd: ls @ Tue Jun 24 17:19:46 2014 By: gregorydisney
Shell Started @ Tue Jun 24 17:21:11 2014 By: gregorydisney
Whitelist cmd: ls @ Tue Jun 24 17:21:11 2014 By: gregorydisney
Whitelist cmd: ls @ Tue Jun 24 17:21:20 2014 By: gregorydisney
Whitelist cmd: ls @ Tue Jun 24 17:21:23 2014 By: gregorydisney
Whitelist policy invalidating session:  @ Tue Jun 24 17:21:36 2014 By: gregorydisney
Shell Started @ Tue Jun 24 17:22:30 2014 By: gregorydisney
Whitelist cmd: ls @ Tue Jun 24 17:22:30 2014 By: gregorydisney
Whitelist cmd: ls @ Tue Jun 24 17:22:32 2014 By: gregorydisney
Whitelist cmd: ls @ Tue Jun 24 17:22:46 2014 By: gregorydisney
Whitelist policy invalidating session:  @ Tue Jun 24 17:22:50 2014 By: gregorydisney
Shell Started @ Tue Jun 24 17:23:02 2014 By: gregorydisney
Whitelist cmd: ls @ Tue Jun 24 17:23:02 2014 By: gregorydisney
Whitelist cmd: ls @ Tue Jun 24 17:23:03 2014 By: gregorydisney
Whitelist cmd: ls @ Tue Jun 24 17:23:04 2014 By: gregorydisney
Whitelist policy invalidating session:  @ Tue Jun 24 17:23:05 2014 By: gregorydisney
Shell Started @ Tue Jun 24 17:23:42 2014 By: gregorydisney
blacklist cmd: sudo @ Tue Jun 24 17:23:42 2014 By: gregorydisney
Shell Started @ Tue Jun 24 17:23:40 2014 By: gregorydisney
Shell Started @ Tue Jun 24 17:23:45 2014 By: gregorydisney
Shell Started @ Tue Jun 24 17:24:02 2014 By: gregorydisney
Whitelist cmd: ls @ Tue Jun 24 17:24:02 2014 By: gregorydisney
blacklist cmd: sudo @ Tue Jun 24 17:24:04 2014 By: gregorydisney
Shell Started @ Tue Jun 24 17:24:00 2014 By: gregorydisney
Shell Started @ Tue Jun 24 17:24:09 2014 By: gregorydisney
Whitelist cmd: ls @ Tue Jun 24 17:24:09 2014 By: gregorydisney
Whitelist cmd: ls @ Tue Jun 24 17:24:10 2014 By: gregorydisney
Whitelist cmd: ls @ Tue Jun 24 17:24:11 2014 By: gregorydisney
Whitelist policy invalidating session:  @ Tue Jun 24 17:24:13 2014 By: gregorydisney
Shell Started @ Tue Jun 24 17:25:24 2014 By: gregorydisney
Whitelist cmd: ls @ Tue Jun 24 17:25:24 2014 By: gregorydisney
Whitelist cmd: ls @ Tue Jun 24 17:25:25 2014 By: gregorydisney
Whitelist cmd: ls @ Tue Jun 24 17:25:26 2014 By: gregorydisney
Whitelist policy invalidating session:  @ Tue Jun 24 17:25:27 2014 By: gregorydisney
Shell Started @ Tue Jun 24 17:25:28 2014 By: gregorydisney
